<?xml version="1.0" encoding="UTF-8"?>
<!-- Generated by org.testng.reporters.JUnitXMLReporter -->
<testsuite hostname="LP-PC0MQFYK" ignored="0" name="Test" tests="2" failures="1" timestamp="01 Apr 2018 18:02:18 GMT" time="0.068" errors="0">
  <testcase name="m" time="0.012" classname="demo.demo">
    <failure type="java.lang.AssertionError" message="expected [Google Company] but found [Google Company1]">
      <![CDATA[java.lang.AssertionError: expected [Google Company] but found [Google Company1]
	at demo.demo.m(demo.java:14)
... Removed 35 stack frames]]>
    </failure>
  </testcase> <!-- m -->
  <testcase name="m1" time="0.0" classname="demo.demo"/>
</testsuite> <!-- Test -->
