<?xml version="1.0" encoding="UTF-8"?>
<testng-results skipped="0" failed="0" ignored="0" total="1" passed="1">
  <reporter-output>
  </reporter-output>
  <suite name="Default suite" duration-ms="15001" started-at="2018-04-10T11:27:21Z" finished-at="2018-04-10T11:27:36Z">
    <groups>
    </groups>
    <test name="Default test" duration-ms="15001" started-at="2018-04-10T11:27:21Z" finished-at="2018-04-10T11:27:36Z">
      <class name="SeleniumGrid.Grid_Practice_10_April_2018">
        <test-method status="PASS" signature="f()[pri:0, instance:SeleniumGrid.Grid_Practice_10_April_2018@66a3ffec]" name="f" duration-ms="14976" started-at="2018-04-10T16:57:21Z" finished-at="2018-04-10T16:57:36Z">
          <reporter-output>
          </reporter-output>
        </test-method> <!-- f -->
      </class> <!-- SeleniumGrid.Grid_Practice_10_April_2018 -->
    </test> <!-- Default test -->
  </suite> <!-- Default suite -->
</testng-results>
